<?xml version="1.0" encoding="UTF-8"?>
<!-- Generated by org.testng.reporters.JUnitReportReporter -->
<testsuite hostname="DESKTOP-5RQJQ3J" failures="0" tests="1" name="com.shishir.shishir.testRunner" time="17.133" errors="0" timestamp="2022-06-23T22:22:51 PDT" skipped="0">
  <testcase classname="com.shishir.shishir.testRunner" name="feature" time="17.133"/>
  <system-out/>
</testsuite> <!-- com.shishir.shishir.testRunner -->
